Flow report for DTBDM
Sun Sep 17 00:51:07 2017
Quartus Prime Version 15.1.0 Build 185 10/21/2015 SJ Standard Edition


---------------------
; Table of Contents ;
---------------------
  1. Legal Notice
  2. Flow Summary
  3. Flow Settings
  4. Flow Non-Default Global Settings
  5. Flow Elapsed Time
  6. Flow OS Summary
  7. Flow Log
  8. Flow Messages
  9. Flow Suppressed Messages



----------------
; Legal Notice ;
----------------
Copyright (C) 1991-2015 Altera Corporation. All rights reserved.
Your use of Altera Corporation's design tools, logic functions 
and other software and tools, and its AMPP partner logic 
functions, and any output files from any of the foregoing 
(including device programming or simulation files), and any 
associated documentation or information are expressly subject 
to the terms and conditions of the Altera Program License 
Subscription Agreement, the Altera Quartus Prime License Agreement,
the Altera MegaCore Function License Agreement, or other 
applicable license agreement, including, without limitation, 
that your use is for the sole purpose of programming logic 
devices manufactured by Altera and sold by Altera or its 
authorized distributors.  Please refer to the applicable 
agreement for further details.



+--------------------------------------------------------------------------------------+
; Flow Summary                                                                         ;
+------------------------------------+-------------------------------------------------+
; Flow Status                        ; Successful - Sun Sep 17 00:50:49 2017           ;
; Quartus Prime Version              ; 15.1.0 Build 185 10/21/2015 SJ Standard Edition ;
; Revision Name                      ; DTBDM                                           ;
; Top-level Entity Name              ; mProjectTop                                     ;
; Family                             ; MAX 10                                          ;
; Device                             ; 10M50DAF484C6GES                                ;
; Timing Models                      ; Preliminary                                     ;
; Total logic elements               ; 3,775 / 49,760 ( 8 % )                          ;
;     Total combinational functions  ; 3,747 / 49,760 ( 8 % )                          ;
;     Dedicated logic registers      ; 360 / 49,760 ( < 1 % )                          ;
; Total registers                    ; 360                                             ;
; Total pins                         ; 225 / 360 ( 63 % )                              ;
; Total virtual pins                 ; 0                                               ;
; Total memory bits                  ; 1,048,576 / 1,677,312 ( 63 % )                  ;
; Embedded Multiplier 9-bit elements ; 0 / 288 ( 0 % )                                 ;
; Total PLLs                         ; 1 / 4 ( 25 % )                                  ;
; UFM blocks                         ; 0 / 1 ( 0 % )                                   ;
; ADC blocks                         ; 0 / 2 ( 0 % )                                   ;
+------------------------------------+-------------------------------------------------+


+-----------------------------------------+
; Flow Settings                           ;
+-------------------+---------------------+
; Option            ; Setting             ;
+-------------------+---------------------+
; Start date & time ; 09/17/2017 00:49:02 ;
; Main task         ; Compilation         ;
; Revision Name     ; DTBDM               ;
+-------------------+---------------------+


+------------------------------------------------------------------------------------------------------------------------------------+
; Flow Non-Default Global Settings                                                                                                   ;
+-------------------------------------------------+---------------------------------------+---------------+-------------+------------+
; Assignment Name                                 ; Value                                 ; Default Value ; Entity Name ; Section Id ;
+-------------------------------------------------+---------------------------------------+---------------+-------------+------------+
; ALLOW_ANY_RAM_SIZE_FOR_RECOGNITION              ; On                                    ; Off           ; --          ; --         ;
; ALLOW_ANY_ROM_SIZE_FOR_RECOGNITION              ; On                                    ; Off           ; --          ; --         ;
; ALLOW_ANY_SHIFT_REGISTER_SIZE_FOR_RECOGNITION   ; On                                    ; Off           ; --          ; --         ;
; AUTO_RAM_TO_LCELL_CONVERSION                    ; On                                    ; Off           ; --          ; --         ;
; AUTO_RESOURCE_SHARING                           ; On                                    ; Off           ; --          ; --         ;
; COMPILER_SIGNATURE_ID                           ; 99582299825132.150558054219940        ; --            ; --          ; --         ;
; ENABLE_SIGNALTAP                                ; Off                                   ; --            ; --          ; --         ;
; MAX_CORE_JUNCTION_TEMP                          ; 85                                    ; --            ; --          ; --         ;
; MIN_CORE_JUNCTION_TEMP                          ; 0                                     ; --            ; --          ; --         ;
; MISC_FILE                                       ; sys_pll_inst.v                        ; --            ; --          ; --         ;
; MISC_FILE                                       ; sys_pll.ppf                           ; --            ; --          ; --         ;
; MISC_FILE                                       ; ImageInRam_bb.v                       ; --            ; --          ; --         ;
; OUTPUT_IO_TIMING_FAR_END_VMEAS                  ; Half Signal Swing                     ; --            ; --          ; --         ;
; OUTPUT_IO_TIMING_FAR_END_VMEAS                  ; Half Signal Swing                     ; --            ; --          ; --         ;
; OUTPUT_IO_TIMING_NEAR_END_VMEAS                 ; Half Vccio                            ; --            ; --          ; --         ;
; OUTPUT_IO_TIMING_NEAR_END_VMEAS                 ; Half Vccio                            ; --            ; --          ; --         ;
; PARTITION_COLOR                                 ; 16764057                              ; --            ; mProjectTop ; Top        ;
; PARTITION_FITTER_PRESERVATION_LEVEL             ; PLACEMENT_AND_ROUTING                 ; --            ; mProjectTop ; Top        ;
; PARTITION_NETLIST_TYPE                          ; SOURCE                                ; --            ; mProjectTop ; Top        ;
; PHYSICAL_SYNTHESIS_COMBO_LOGIC_FOR_AREA         ; On                                    ; Off           ; --          ; --         ;
; PHYSICAL_SYNTHESIS_MAP_LOGIC_TO_MEMORY_FOR_AREA ; On                                    ; Off           ; --          ; --         ;
; POWER_BOARD_THERMAL_MODEL                       ; None (CONSERVATIVE)                   ; --            ; --          ; --         ;
; POWER_PRESET_COOLING_SOLUTION                   ; 23 MM HEAT SINK WITH 200 LFPM AIRFLOW ; --            ; --          ; --         ;
; PROJECT_OUTPUT_DIRECTORY                        ; output_files                          ; --            ; --          ; --         ;
; TOP_LEVEL_ENTITY                                ; mProjectTop                           ; DTBDM         ; --          ; --         ;
; USE_SIGNALTAP_FILE                              ; stp1.stp                              ; --            ; --          ; --         ;
+-------------------------------------------------+---------------------------------------+---------------+-------------+------------+


+-------------------------------------------------------------------------------------------------------------------------------+
; Flow Elapsed Time                                                                                                             ;
+---------------------------+--------------+-------------------------+---------------------+------------------------------------+
; Module Name               ; Elapsed Time ; Average Processors Used ; Peak Virtual Memory ; Total CPU Time (on all processors) ;
+---------------------------+--------------+-------------------------+---------------------+------------------------------------+
; Analysis & Synthesis      ; 00:00:26     ; 1.0                     ; 862 MB              ; 00:00:38                           ;
; Fitter                    ; 00:01:04     ; 1.3                     ; 1857 MB             ; 00:01:34                           ;
; Assembler                 ; 00:00:09     ; 1.0                     ; 743 MB              ; 00:00:04                           ;
; TimeQuest Timing Analyzer ; 00:00:12     ; 2.0                     ; 915 MB              ; 00:00:12                           ;
; Total                     ; 00:01:51     ; --                      ; --                  ; 00:02:28                           ;
+---------------------------+--------------+-------------------------+---------------------+------------------------------------+


+----------------------------------------------------------------------------------------+
; Flow OS Summary                                                                        ;
+---------------------------+------------------+-----------+------------+----------------+
; Module Name               ; Machine Hostname ; OS Name   ; OS Version ; Processor type ;
+---------------------------+------------------+-----------+------------+----------------+
; Analysis & Synthesis      ; HOSADDOD1        ; Windows 7 ; 6.1        ; x86_64         ;
; Fitter                    ; HOSADDOD1        ; Windows 7 ; 6.1        ; x86_64         ;
; Assembler                 ; HOSADDOD1        ; Windows 7 ; 6.1        ; x86_64         ;
; TimeQuest Timing Analyzer ; HOSADDOD1        ; Windows 7 ; 6.1        ; x86_64         ;
+---------------------------+------------------+-----------+------------+----------------+


------------
; Flow Log ;
------------
quartus_map --read_settings_files=on --write_settings_files=off DTBDM -c DTBDM
quartus_fit --read_settings_files=off --write_settings_files=off DTBDM -c DTBDM
quartus_asm --read_settings_files=off --write_settings_files=off DTBDM -c DTBDM
quartus_sta DTBDM -c DTBDM



